
Command: deploy
Usage: 
  deploy project_name
INSTALLING
== install 2021-07-20T14:00:05Z Deployment END
/Users/adk/Documents/Repos/slh/console
== install 2021-07-20T14:01:49Z Deployment END
/Users/adk/Documents/Repos/slh
== install 2021-07-20T14:03:33Z Deployment END
/Users/adk/Documents/Repos/slh
== install 2021-07-20T14:05:14Z Deployment END
/Users/adk
== install 2021-07-20T14:05:46Z Deployment END
/Users/adk/Documents/Repos/slh/console
== install 2021-07-20T14:05:59Z Deployment END
/Users/adk/Documents/Repos/slh
== install 2021-07-20T14:06:38Z Deployment END
Please enter you apache document root:
~/www
== install 2021-07-20T14:10:00Z Deployment END
Please enter you apache document root:
Please enter you apache document root:
Please enter you apache document root:
Please enter you apache document root:
ajax.php
index-custom-style.css
index.php
info.php
personal
phpMyAdmin
src
workspace
== install 2021-07-20T14:11:12Z Deployment END
== install 2021-07-20T14:12:05Z Starting installation of SLH
Please enter you apache document root:
2021-07-20T14:12:42 Starting installation of SLH
Please enter you apache document root:
[0;32m2021-07-20 14:14:31 Starting installation of SLH[0m
Please enter you apache document root:
ajax.php
index-custom-style.css
index.php
info.php
personal
phpMyAdmin
src
workspace
[0;32m2021-07-20 14:14:55 Installation completed successfully[0m
[0;33m2021-07-20 14:16:13{NC} Starting installation of SLH$
Please enter you apache document root:
[0;33m2021-07-20 14:16:28[0m Starting installation of SLH
Please enter you apache document root:
[0;33m2021-07-20 16:53:17[0m Starting installation of SLH
Please enter you apache document root:
[0;33m2021-07-20 16:59:00[0m Starting installation of SLH
Enter your apache document root:
Enter your MySQL username:
[0;33m2021-07-20 17:00:11[0m Starting installation of SLH
Enter your apache document root:
Enter your MySQL username:
[0;33m2021-07-20 17:01:05[0m Starting installation of SLH
Enter your apache document root:
Enter your MySQL username:
Enter your MySQL password (leave blank if not set):
[0;33m2021-07-20 17:04:23[0m root adsadsknackapå
[0;33m2021-07-20 17:04:23[0m Installation of SLH completed successfully
[0;33m2021-07-20 17:04:27[0m Starting installation of SLH
Enter your apache document root:
[0;33m2021-07-20 17:07:21[0m Starting installation of SLH
Enter your apache document root: 
Enter your MySQL username: 
Enter your MySQL password (leave blank if not set): 
[0;33m2021-07-20 17:07:35[0m lkj lkhjlkh
[0;33m2021-07-20 17:07:35[0m Installation of SLH completed successfully
[0;33m2021-07-20 17:09:24[0m Starting installation of SLH
Enter-n Enter your MySQL username:
-n Enter your MySQL password (leave blank if not set):
[0;33m2021-07-20 17:09:58[0m ll ll
[0;33m2021-07-20 17:10:03[0m Starting installation of SLH
nEnter[0;33m2021-07-20 17:10:27[0m Starting installation of SLH
Enter your apache document root:
Enter your MySQL username:
Enter your MySQL password (leave blank if not set):
[0;33m2021-07-20 17:10:32[0m ölk ölk
[0;33m2021-07-20 17:10:32[0m Installation of SLH completed successfully
[0;33m2021-07-20 19:29:12[0m Starting installation of SLH
Enter
your
apache
document
root:
[0;33m2021-07-20 19:29:51[0m Starting installation of SLH
Enter your apache document root: 
Enter your MySQL username: 
Enter your MySQL password \(leave blank if not set\): 
[0;33m2021-07-20 19:30:22[0m root knackapå
[0;33m2021-07-20 19:30:22[0m Installation of SLH completed successfully
[0;33m2021-07-20 19:35:49[0m Starting installation of SLH
Enter your apache document root
Enter your MySQL username:
Enter your MySQL password (leave blank if not set):
[0;33m2021-07-20 19:35:54[0m Installation of SLH completed successfully
[0;33m2021-07-20 19:42:07[0m Starting installation of SLH
Enter your apache document root
Enter your MySQL username:
Enter your MySQL password (leave blank if not set):
[0;33m2021-07-20 19:42:12[0m Installation of SLH completed successfully
[0;33m2021-07-20 19:42:18[0m Starting installation of SLH
Enter your apache document root
Enter your MySQL username:
Enter your MySQL password (leave blank if not set):
[0;33m2021-07-20 19:42:19[0m Installation of SLH completed successfully
[0;33m2021-07-20 19:44:59[0m Starting installation of SLH
Enter your apache document root
Enter your MySQL username:
Enter your MySQL password (leave blank if not set):
[0;33m2021-07-20 19:45:22[0m Starting installation of SLH
Enter your apache document root
Enter your MySQL username:
Enter your MySQL password (leave blank if not set):
[0;33m2021-07-20 19:45:26[0m Installation of SLH completed successfully
[0;33m2021-07-20 19:46:47[0m Starting installation of SLH
Enter your apache document root
Enter your MySQL username:
Enter your MySQL password (leave blank if not set):
[0;33m2021-07-20 19:47:02[0m Installation of SLH completed successfully
[0;33m2021-07-20 19:47:19[0m Starting installation of SLH
Enter your apache document root
Enter your MySQL username:
Enter your MySQL password (leave blank if not set):
[0;33m2021-07-20 19:47:36[0m Installation of SLH completed successfully
[0;33m2021-07-20 19:47:50[0m Starting installation of SLH
Enter your apache document root
Enter your MySQL username:
Enter your MySQL password (leave blank if not set):
[0;33m2021-07-20 19:48:01[0m Installation of SLH completed successfully
[0;33m2021-07-20 19:49:03[0m Starting installation of SLH
Enter your apache document root
Enter your MySQL username:
Enter your MySQL password (leave blank if not set):
[0;33m2021-07-20 19:49:15[0m Installation of SLH completed successfully
